<?xml version="1.0" encoding="UTF-8"?>
<!-- Generated by org.testng.reporters.JUnitReportReporter -->
<testsuite hostname="LAIMUMLT9002" failures="0" tests="5" name="com.crm.qa.testcases.HomePageTest" time="212.896" errors="0" timestamp="2024-02-10T15:34:00 IST" skipped="0">
  <testcase classname="com.crm.qa.testcases.HomePageTest" name="verifyHomePageTitleTest" time="44.511"/>
  <testcase classname="com.crm.qa.testcases.HomePageTest" name="verifyUserNameLableTest" time="40.773"/>
  <testcase classname="com.crm.qa.testcases.HomePageTest" name="verifyContactLinkTest" time="46.649"/>
  <testcase classname="com.crm.qa.testcases.HomePageTest" name="verifyDealsLinkTest" time="42.847"/>
  <testcase classname="com.crm.qa.testcases.HomePageTest" name="verifyTaskLinkTest" time="38.116"/>
</testsuite> <!-- com.crm.qa.testcases.HomePageTest -->
