<?xml version="1.0" encoding="UTF-8"?>
<!-- Generated by org.testng.reporters.JUnitReportReporter -->
<testsuite hostname="LAIMUMLT9002" failures="0" tests="3" name="com.crm.qa.testcases.LoginTest" time="81.014" errors="0" timestamp="2024-02-06T10:23:35 IST" skipped="0">
  <testcase classname="com.crm.qa.testcases.LoginTest" name="validtaePageTitleTest" time="13.223"/>
  <testcase classname="com.crm.qa.testcases.LoginTest" name="validateLogoTest" time="21.363"/>
  <testcase classname="com.crm.qa.testcases.LoginTest" name="loginTest" time="46.428"/>
</testsuite> <!-- com.crm.qa.testcases.LoginTest -->
