<?xml version="1.0" encoding="UTF-8"?>
<!-- Generated by org.testng.reporters.JUnitReportReporter -->
<testsuite hostname="LAIMUMLT9002" failures="0" tests="3" name="com.crm.qa.testcases.LoginPageTest" time="70.407" errors="0" timestamp="2024-02-11T09:55:33 IST" skipped="0">
  <testcase classname="com.crm.qa.testcases.LoginPageTest" name="validtaePageTitleTest" time="15.337"/>
  <testcase classname="com.crm.qa.testcases.LoginPageTest" name="validateLogoTest" time="15.048"/>
  <testcase classname="com.crm.qa.testcases.LoginPageTest" name="loginTest" time="40.022"/>
</testsuite> <!-- com.crm.qa.testcases.LoginPageTest -->
